#
# A fatal error has been detected by the Java Runtime Environment:
#
#  EXCEPTION_ACCESS_VIOLATION (0xc0000005) at pc=0x0327dec9, pid=3532, tid=4568
#
# JRE version: 6.0_20-b02
# Java VM: Java HotSpot(TM) Client VM (16.3-b01 mixed mode, sharing windows-x86 )
# Problematic frame:
# C  [ssojho.dll+0xdec9]
#
# If you would like to submit a bug report, please visit:
#   http://java.sun.com/webapps/bugreport/crash.jsp
# The crash happened outside the Java Virtual Machine in native code.
# See problematic frame for where to report the bug.
#

---------------  T H R E A D  ---------------

Current thread (0x03331800):  JavaThread "AWT-EventQueue-0" [_thread_in_native, id=4568, stack(0x03510000,0x03560000)]

siginfo: ExceptionCode=0xc0000005, reading address 0x00000000

Registers:
EAX=0x00000000, EBX=0x2a9ea4c8, ECX=0x0355f474, EDX=0x00000000
ESP=0x0355f3f4, EBP=0x0355f480, ESI=0x2a9ea4c0, EDI=0x03331800
EIP=0x0327dec9, EFLAGS=0x00010216

Top of Stack: (sp=0x0355f3f4)
0x0355f3f4:   58da2607 00000000 03034870 6d92c654
0x0355f404:   6d92c674 0355f4a0 00000000 7ffab000
0x0355f414:   0355f474 7c80262a 0355f430 7c802600
0x0355f424:   03331800 2a9ea4c0 2a9ea4c8 00000014
0x0355f434:   03352de4 03331910 03352de0 03331910
0x0355f444:   03270000 03271000 03270000 00000080
0x0355f454:   0001b000 00001000 00000004 01000000
0x0355f464:   6db041d0 7c839ac0 00000000 03331910 

Instructions: (pc=0x0327dec9)
0x0327deb9:   8b 55 b8 8b 02 8b 48 58 ff d1 8b 15 94 26 29 03
0x0327dec9:   8b 02 83 e8 01 8b 0d 94 26 29 03 89 01 8b 15 94 


Stack: [0x03510000,0x03560000],  sp=0x0355f3f4,  free space=13c0355ef28k
Native frames: (J=compiled Java code, j=interpreted, Vv=VM code, C=native code)
C  [ssojho.dll+0xdec9]
C  [ssojho.dll+0xdc8f]
C  [ssojho.dll+0x12b82]
j  com.passlogix.vgo.ho.Jho.nativeDisableJHO(I)V+0
j  com.passlogix.vgo.ho.Jho.removeWindow(Ljava/awt/Component;)Lcom/passlogix/vgo/ho/ApplicationWindow;+112
j  com.passlogix.vgo.ho.WindowScanner.removeWindow(Ljava/awt/Component;Lcom/passlogix/vgo/ho/WindowListenerBase;)V+5
j  com.passlogix.vgo.ho.WindowScanner.stopScan(Ljava/awt/Component;Lcom/passlogix/vgo/ho/WindowListenerBase;I)V+41
j  com.passlogix.vgo.ho.WindowListenerBase.windowClosed(Ljava/awt/event/WindowEvent;)V+48
j  com.passlogix.vgo.ho.EventDispatcherAdapter.eventDispatched(Ljava/awt/AWTEvent;)V+383
j  java.awt.Toolkit$SelectiveAWTEventListener.eventDispatched(Ljava/awt/AWTEvent;)V+733
j  java.awt.Toolkit.notifyAWTEventListeners(Ljava/awt/AWTEvent;)V+30
j  java.awt.Component.dispatchEventImpl(Ljava/awt/AWTEvent;)V+237
j  java.awt.Container.dispatchEventImpl(Ljava/awt/AWTEvent;)V+42
j  java.awt.Window.dispatchEventImpl(Ljava/awt/AWTEvent;)V+19
j  java.awt.Component.dispatchEvent(Ljava/awt/AWTEvent;)V+2
j  java.awt.EventQueue.dispatchEvent(Ljava/awt/AWTEvent;)V+46
j  java.awt.EventDispatchThread.pumpOneEventForFilters(I)Z+204
j  java.awt.EventDispatchThread.pumpEventsForFilter(ILjava/awt/Conditional;Ljava/awt/EventFilter;)V+30
j  java.awt.EventDispatchThread.pumpEventsForHierarchy(ILjava/awt/Conditional;Ljava/awt/Component;)V+11
j  java.awt.EventDispatchThread.pumpEvents(ILjava/awt/Conditional;)V+4
j  java.awt.EventDispatchThread.pumpEvents(Ljava/awt/Conditional;)V+3
j  java.awt.EventDispatchThread.run()V+9
v  ~StubRoutines::call_stub
V  [jvm.dll+0xf049c]
V  [jvm.dll+0x17fcf1]
V  [jvm.dll+0xf0667]
V  [jvm.dll+0xf06dd]
V  [jvm.dll+0x11a2a0]
V  [jvm.dll+0x1ddb14]
V  [jvm.dll+0x17f96c]
C  [msvcr71.dll+0x9565]
C  [kernel32.dll+0xb713]

Java frames: (J=compiled Java code, j=interpreted, Vv=VM code)
j  com.passlogix.vgo.ho.Jho.nativeDisableJHO(I)V+0
j  com.passlogix.vgo.ho.Jho.removeWindow(Ljava/awt/Component;)Lcom/passlogix/vgo/ho/ApplicationWindow;+112
j  com.passlogix.vgo.ho.WindowScanner.removeWindow(Ljava/awt/Component;Lcom/passlogix/vgo/ho/WindowListenerBase;)V+5
j  com.passlogix.vgo.ho.WindowScanner.stopScan(Ljava/awt/Component;Lcom/passlogix/vgo/ho/WindowListenerBase;I)V+41
j  com.passlogix.vgo.ho.WindowListenerBase.windowClosed(Ljava/awt/event/WindowEvent;)V+48
j  com.passlogix.vgo.ho.EventDispatcherAdapter.eventDispatched(Ljava/awt/AWTEvent;)V+383
j  java.awt.Toolkit$SelectiveAWTEventListener.eventDispatched(Ljava/awt/AWTEvent;)V+733
j  java.awt.Toolkit.notifyAWTEventListeners(Ljava/awt/AWTEvent;)V+30
j  java.awt.Component.dispatchEventImpl(Ljava/awt/AWTEvent;)V+237
j  java.awt.Container.dispatchEventImpl(Ljava/awt/AWTEvent;)V+42
j  java.awt.Window.dispatchEventImpl(Ljava/awt/AWTEvent;)V+19
j  java.awt.Component.dispatchEvent(Ljava/awt/AWTEvent;)V+2
j  java.awt.EventQueue.dispatchEvent(Ljava/awt/AWTEvent;)V+46
j  java.awt.EventDispatchThread.pumpOneEventForFilters(I)Z+204
j  java.awt.EventDispatchThread.pumpEventsForFilter(ILjava/awt/Conditional;Ljava/awt/EventFilter;)V+30
j  java.awt.EventDispatchThread.pumpEventsForHierarchy(ILjava/awt/Conditional;Ljava/awt/Component;)V+11
j  java.awt.EventDispatchThread.pumpEvents(ILjava/awt/Conditional;)V+4
j  java.awt.EventDispatchThread.pumpEvents(Ljava/awt/Conditional;)V+3
j  java.awt.EventDispatchThread.run()V+9
v  ~StubRoutines::call_stub

---------------  P R O C E S S  ---------------

Java Threads: ( => current thread )
  0x003f6800 JavaThread "DestroyJavaVM" [_thread_blocked, id=6040, stack(0x008d0000,0x00920000)]
  0x03332000 JavaThread "WindowScanner-2" [_thread_blocked, id=4820, stack(0x03640000,0x03690000)]
=>0x03331800 JavaThread "AWT-EventQueue-0" [_thread_in_native, id=4568, stack(0x03510000,0x03560000)]
  0x02c0a000 JavaThread "Thread-1" [_thread_in_native, id=4172, stack(0x032c0000,0x03310000)]
  0x02c08400 JavaThread "AWT-Windows" daemon [_thread_in_native, id=4788, stack(0x02fe0000,0x03030000)]
  0x02c07800 JavaThread "AWT-Shutdown" [_thread_blocked, id=1332, stack(0x02f90000,0x02fe0000)]
  0x02c05800 JavaThread "Java2D Disposer" daemon [_thread_blocked, id=5432, stack(0x02f40000,0x02f90000)]
  0x02b97c00 JavaThread "Low Memory Detector" daemon [_thread_blocked, id=4900, stack(0x02e10000,0x02e60000)]
  0x02b91800 JavaThread "CompilerThread0" daemon [_thread_blocked, id=5928, stack(0x02dc0000,0x02e10000)]
  0x02b90000 JavaThread "Attach Listener" daemon [_thread_blocked, id=2912, stack(0x02d70000,0x02dc0000)]
  0x02b8e800 JavaThread "Signal Dispatcher" daemon [_thread_blocked, id=4888, stack(0x02d20000,0x02d70000)]
  0x02b4c800 JavaThread "Finalizer" daemon [_thread_blocked, id=1540, stack(0x02cd0000,0x02d20000)]
  0x02b4b000 JavaThread "Reference Handler" daemon [_thread_blocked, id=5408, stack(0x02c80000,0x02cd0000)]

Other Threads:
  0x02b49c00 VMThread [stack: 0x02c30000,0x02c80000] [id=5896]
  0x02ba2400 WatcherThread [stack: 0x02e60000,0x02eb0000] [id=3892]

VM state:not at safepoint (normal execution)

VM Mutex/Monitor currently owned by a thread: None

Heap
 def new generation   total 4928K, used 2835K [0x1a9d0000, 0x1af20000, 0x1ff20000)
  eden space 4416K,  64% used [0x1a9d0000, 0x1ac94d00, 0x1ae20000)
  from space 512K,   0% used [0x1ae20000, 0x1ae20000, 0x1aea0000)
  to   space 512K,   0% used [0x1aea0000, 0x1aea0000, 0x1af20000)
 tenured generation   total 10944K, used 0K [0x1ff20000, 0x209d0000, 0x2a9d0000)
   the space 10944K,   0% used [0x1ff20000, 0x1ff20000, 0x1ff20200, 0x209d0000)
 compacting perm gen  total 12288K, used 418K [0x2a9d0000, 0x2b5d0000, 0x2e9d0000)
   the space 12288K,   3% used [0x2a9d0000, 0x2aa38bc0, 0x2aa38c00, 0x2b5d0000)
    ro space 10240K,  54% used [0x2e9d0000, 0x2ef4b760, 0x2ef4b800, 0x2f3d0000)
    rw space 12288K,  55% used [0x2f3d0000, 0x2fa6f798, 0x2fa6f800, 0x2ffd0000)

Dynamic libraries:
0x00400000 - 0x00424000 	D:\Programy\jdk\bin\javaw.exe
0x7c900000 - 0x7c9b1000 	C:\WINDOWS\system32\ntdll.dll
0x7c800000 - 0x7c8fd000 	C:\WINDOWS\system32\kernel32.dll
0x77dc0000 - 0x77e6c000 	C:\WINDOWS\system32\ADVAPI32.dll
0x77e70000 - 0x77f02000 	C:\WINDOWS\system32\RPCRT4.dll
0x77fe0000 - 0x77ff1000 	C:\WINDOWS\system32\Secur32.dll
0x7e360000 - 0x7e3f1000 	C:\WINDOWS\system32\USER32.dll
0x77f10000 - 0x77f59000 	C:\WINDOWS\system32\GDI32.dll
0x76360000 - 0x7637d000 	C:\WINDOWS\system32\IMM32.DLL
0x7c340000 - 0x7c396000 	D:\Programy\jdk\jre\bin\msvcr71.dll
0x6d8b0000 - 0x6db47000 	D:\Programy\jdk\jre\bin\client\jvm.dll
0x76b20000 - 0x76b4e000 	C:\WINDOWS\system32\WINMM.dll
0x6d860000 - 0x6d86c000 	D:\Programy\jdk\jre\bin\verify.dll
0x6d3e0000 - 0x6d3ff000 	D:\Programy\jdk\jre\bin\java.dll
0x6d340000 - 0x6d348000 	D:\Programy\jdk\jre\bin\hpi.dll
0x76be0000 - 0x76beb000 	C:\WINDOWS\system32\PSAPI.DLL
0x6d8a0000 - 0x6d8af000 	D:\Programy\jdk\jre\bin\zip.dll
0x6d0b0000 - 0x6d1fa000 	D:\Programy\jdk\jre\bin\awt.dll
0x72f90000 - 0x72fb6000 	C:\WINDOWS\system32\WINSPOOL.DRV
0x77c00000 - 0x77c58000 	C:\WINDOWS\system32\msvcrt.dll
0x774d0000 - 0x7760d000 	C:\WINDOWS\system32\ole32.dll
0x773c0000 - 0x774c3000 	C:\WINDOWS\WinSxS\x86_Microsoft.Windows.Common-Controls_6595b64144ccf1df_6.0.2600.5512_x-ww_35d4ce83\COMCTL32.dll
0x77f60000 - 0x77fd6000 	C:\WINDOWS\system32\SHLWAPI.dll
0x5b1d0000 - 0x5b208000 	C:\WINDOWS\system32\uxtheme.dll
0x6d2e0000 - 0x6d334000 	D:\Programy\jdk\jre\bin\fontmanager.dll
0x10000000 - 0x1003d000 	C:\AM-Meridian\Program\AMHook.dll
0x77110000 - 0x7719b000 	C:\WINDOWS\system32\OLEAUT32.dll
0x78520000 - 0x785c3000 	C:\WINDOWS\WinSxS\x86_Microsoft.VC90.CRT_1fc8b3b9a1e18e3b_9.0.30729.1_x-ww_6f74963e\MSVCR90.dll
0x7c9c0000 - 0x7d1de000 	C:\WINDOWS\system32\SHELL32.dll
0x03040000 - 0x03049000 	C:\Program Files\Passlogix\v-GO SSO\Helper\Moz\mozhohook.dll
0x03060000 - 0x03068000 	C:\WINDOWS\system32\ssotrace.dll
0x03080000 - 0x03089000 	C:\Program Files\Passlogix\v-GO SSO\Helper\IE\bhoHook.dll
0x030a0000 - 0x030a9000 	C:\Program Files\Passlogix\v-GO SSO\Helper\SAP\saphohook.dll
0x030c0000 - 0x030c8000 	C:\Program Files\Passlogix\v-GO SSO\Helper\Java\jhohook.dll
0x030e0000 - 0x030e9000 	C:\Program Files\Passlogix\v-GO SSO\Helper\WinApps\ssohook.dll
0x75180000 - 0x751ae000 	C:\WINDOWS\system32\msctfime.ime
0x03270000 - 0x03299000 	C:\Program Files\Passlogix\v-GO SSO\Helper\Java\ssojho.dll
0x78e20000 - 0x78e4a000 	C:\WINDOWS\WinSxS\x86_Microsoft.VC90.ATL_1fc8b3b9a1e18e3b_9.0.30729.1_x-ww_d01483b2\atl90.dll
0x6d6c0000 - 0x6d6d3000 	D:\Programy\jdk\jre\bin\net.dll
0x71a50000 - 0x71a67000 	C:\WINDOWS\system32\WS2_32.dll
0x71a40000 - 0x71a48000 	C:\WINDOWS\system32\WS2HELP.dll
0x6d6e0000 - 0x6d6e9000 	D:\Programy\jdk\jre\bin\nio.dll

VM Arguments:
jvm_args: -Dfile.encoding=Cp1250 
java_command: gui.SplashScreen
Launcher Type: SUN_STANDARD

Environment Variables:
PATH=d:/programy/jdk/bin/../jre/bin/client;d:/programy/jdk/bin/../jre/bin;d:/programy/jdk/bin/../jre/lib/i386;C:\WINDOWS\system32;C:\WINDOWS;C:\WINDOWS\System32\Wbem;C:\Program Files\Common Files\Lenovo;C:\Program Files\Lenovo\Client Security Solution;C:\Program Files\Windows Imaging\;C:\Program Files\Common Files\Autodesk Shared;C:\Program Files\Common Files\Cyco Shared;D:\Programy\eclipse;
USERNAME=28078
OS=Windows_NT
PROCESSOR_IDENTIFIER=x86 Family 6 Model 15 Stepping 13, GenuineIntel



---------------  S Y S T E M  ---------------

OS: Windows XP Build 2600 Dodatek Service Pack 3

CPU:total 2 (2 cores per cpu, 1 threads per core) family 6 model 15 stepping 13, cmov, cx8, fxsr, mmx, sse, sse2, sse3, ssse3

Memory: 4k page, physical 2087084k(672348k free), swap 4025480k(2686156k free)

vm_info: Java HotSpot(TM) Client VM (16.3-b01) for windows-x86 JRE (1.6.0_20-b02), built on Apr 12 2010 13:52:23 by "java_re" with MS VC++ 7.1 (VS2003)

time: Wed Mar 07 14:28:03 2012
elapsed time: 6 seconds

